============================= test session starts ==============================
platform darwin -- Python 3.9.13, pytest-8.4.2, pluggy-1.6.0
rootdir: /Users/samuel/repos/ml-switcheroo/onnx9000
configfile: pyproject.toml
plugins: hypothesis-6.141.1, cov-7.0.0
collected 1288 items

tests/backends/apple/test_apple.py ..........                            [  0%]
tests/backends/codegen/test_abs.py ..........                            [  1%]
tests/backends/codegen/test_all_codegen_fuzz.py ...                      [  1%]
tests/backends/codegen/test_autograd_ops.py .                            [  1%]
tests/backends/codegen/test_batchnorm.py .                               [  1%]
tests/backends/codegen/test_bitwise.py .                                 [  2%]
tests/backends/codegen/test_blackman.py .                                [  2%]
tests/backends/codegen/test_cast.py ...                                  [  2%]
tests/backends/codegen/test_comparisons.py .                             [  2%]
tests/backends/codegen/test_compress.py .                                [  2%]
tests/backends/codegen/test_concat.py .                                  [  2%]
tests/backends/codegen/test_constants.py .                               [  2%]
tests/backends/codegen/test_control_flow.py .                            [  2%]
tests/backends/codegen/test_cumsum.py .                                  [  2%]
tests/backends/codegen/test_depthtospace.py ..                           [  2%]
tests/backends/codegen/test_det_eye.py .                                 [  3%]
tests/backends/codegen/test_dft.py .                                     [  3%]
tests/backends/codegen/test_dropout.py .                                 [  3%]
tests/backends/codegen/test_gather_elements.py .                         [  3%]
tests/backends/codegen/test_generator.py ....                            [  3%]
tests/backends/codegen/test_hardmax.py .                                 [  3%]
tests/backends/codegen/test_layer_norm.py .                              [  3%]
tests/backends/codegen/test_logic.py .                                   [  3%]
tests/backends/codegen/test_lp.py .                                      [  3%]
tests/backends/codegen/test_math_unary.py .                              [  3%]
tests/backends/codegen/test_math_unary_2.py .                            [  4%]
tests/backends/codegen/test_max_min_where.py .                           [  4%]
tests/backends/codegen/test_mel_mult.py .                                [  4%]
tests/backends/codegen/test_nms_nz.py .                                  [  4%]
tests/backends/codegen/test_op_generator_cov.py ...                      [  4%]
tests/backends/codegen/test_pool.py ..                                   [  4%]
tests/backends/codegen/test_pooling.py .                                 [  4%]
tests/backends/codegen/test_pow.py .                                     [  4%]
tests/backends/codegen/test_reduce_variants.py .                         [  4%]
tests/backends/codegen/test_reductions.py .                              [  4%]
tests/backends/codegen/test_rev_scatter.py .                             [  5%]
tests/backends/codegen/test_scatter.py ..                                [  5%]
tests/backends/codegen/test_seq.py .                                     [  5%]
tests/backends/codegen/test_sequence.py .                                [  5%]
tests/backends/codegen/test_shape.py .                                   [  5%]
tests/backends/codegen/test_shrink_size.py .                             [  5%]
tests/backends/codegen/test_slice.py .                                   [  5%]
tests/backends/codegen/test_softmax.py ..                                [  5%]
tests/backends/codegen/test_sum.py .                                     [  5%]
tests/backends/codegen/test_swish.py .                                   [  5%]
tests/backends/codegen/test_tile.py .                                    [  5%]
tests/backends/codegen/test_trilu.py .                                   [  6%]
tests/backends/codegen/test_where_ternary.py .                           [  6%]
tests/backends/cpu/test_executor.py ......                               [  6%]
tests/backends/cpu/test_memory.py ......                                 [  7%]
tests/backends/cpu/test_ops.py ............................              [  9%]
tests/backends/cuda/test_bindings.py .....                               [  9%]
tests/backends/cuda/test_compiler.py ....                                [  9%]
tests/backends/cuda/test_executor.py ........                            [ 10%]
tests/backends/cuda/test_memory.py ......                                [ 11%]
tests/backends/cuda/test_missing_cov.py ...                              [ 11%]
tests/backends/rocm/test_rocm.py ............                            [ 12%]
tests/backends/runtime/test_foreign_bindings.py ...                      [ 12%]
tests/backends/runtime/test_onnxruntime_cxx_api.py .                     [ 12%]
tests/backends/runtime/test_ort_advanced_execution.py .                  [ 12%]
tests/backends/runtime/test_ort_allocator.py .                           [ 12%]
tests/backends/runtime/test_ort_arena_cfg.py .                           [ 12%]
tests/backends/runtime/test_ort_custom_op.py .                           [ 12%]
tests/backends/runtime/test_ort_env.py .                                 [ 12%]
tests/backends/runtime/test_ort_execution_provider.py .                  [ 12%]
tests/backends/runtime/test_ort_graph_optimizer.py .                     [ 13%]
tests/backends/runtime/test_ort_io_binding.py .                          [ 13%]
tests/backends/runtime/test_ort_memory_management.py .                   [ 13%]
tests/backends/runtime/test_ort_model_metadata.py .                      [ 13%]
tests/backends/runtime/test_ort_run_options.py .                         [ 13%]
tests/backends/runtime/test_ort_session.py .                             [ 13%]
tests/backends/runtime/test_ort_session_options.py .                     [ 13%]
tests/backends/runtime/test_ort_tensor_type_and_shape_info.py .          [ 13%]
tests/backends/runtime/test_ort_threading_options.py .                   [ 13%]
tests/backends/runtime/test_ort_value.py .                               [ 13%]
tests/backends/runtime/test_remaining_parity.py ...                      [ 13%]
tests/backends/runtime/test_session.py ..........                        [ 14%]
tests/backends/web/test_api.py .....                                     [ 15%]
tests/backends/web/test_loader.py .....                                  [ 15%]
tests/backends/web/test_loader2.py .....                                 [ 15%]
tests/backends/web/test_loader3.py .......                               [ 16%]
tests/backends/web/test_loader4.py ..........                            [ 17%]
tests/backends/web/test_loader_coverage.py ......                        [ 17%]
tests/backends/web/test_orchestrator.py ......                           [ 18%]
tests/backends/web/test_orchestrator2.py ......                          [ 18%]
tests/backends/web/test_orchestrator3.py ......                          [ 19%]
tests/backends/web/test_orchestrator4.py ....                            [ 19%]
tests/backends/web/test_orchestrator5.py ....                            [ 19%]
tests/backends/web/test_orchestrator_coverage.py ..                      [ 19%]
tests/backends/web/test_rpc.py .......                                   [ 20%]
tests/backends/web/test_rpc2.py ..                                       [ 20%]
tests/backends/web/test_rpc_coverage.py .                                [ 20%]
tests/backends/web/test_shaders_activations.py ..                        [ 20%]
tests/backends/web/test_shaders_math.py ..                               [ 20%]
tests/backends/web/test_shaders_nn.py ....                               [ 21%]
tests/backends/web/test_shaders_tensor.py ..                             [ 21%]
tests/backends/web/test_wasm.py ....                                     [ 21%]
tests/backends/web/test_webgpu.py ....                                   [ 22%]
tests/backends/web/test_webgpu2.py .....                                 [ 22%]
tests/backends/web/test_webgpu_coverage.py ....                          [ 22%]
tests/backends/web/test_worker.py ......                                 [ 23%]
tests/backends/web/test_worker_coverage.py ....                          [ 23%]
tests/core/parser/test_inference.py ..............                       [ 24%]
tests/core/parser/test_inference_batchnorm.py ..                         [ 24%]
tests/core/parser/test_inference_conv.py ...                             [ 25%]
tests/core/parser/test_inference_exact.py ............                   [ 25%]
tests/core/parser/test_inference_fuzz.py .                               [ 26%]
tests/core/parser/test_inference_last_mile.py .                          [ 26%]
tests/core/parser/test_inference_manual.py .....................         [ 27%]
tests/core/parser/test_inference_matmul.py ...                           [ 27%]
tests/core/parser/test_inference_misc.py .....................           [ 29%]
tests/core/parser/test_inference_missing.py ..                           [ 29%]
tests/core/parser/test_inference_remaining.py .                          [ 29%]
tests/core/parser/test_inference_remaining_final.py .                    [ 29%]
tests/core/parser/test_inference_scatter_gather.py ..                    [ 30%]
tests/core/parser/test_inference_trilu_fuzz.py .                         [ 30%]
tests/core/parser/test_memory_extras.py ..                               [ 30%]
tests/core/parser/test_memory_full.py ..                                 [ 30%]
tests/core/parser/test_parser.py ....                                    [ 30%]
tests/core/parser/test_parser_extras.py ......                           [ 31%]
tests/core/parser/test_passes.py .                                       [ 31%]
tests/core/test_core_utils.py ..........                                 [ 32%]
tests/core/test_dtypes.py ..                                             [ 32%]
tests/core/test_exceptions.py .                                          [ 32%]
tests/core/test_ir.py ....                                               [ 32%]
tests/core/test_logger.py .....                                          [ 32%]
tests/core/test_misc_coverage.py ...                                     [ 33%]
tests/core/test_registry.py ....                                         [ 33%]
tests/export/test_builder.py ...                                         [ 33%]
tests/export/test_bundle.py .                                            [ 33%]
tests/export/test_chunking.py ...                                        [ 34%]
tests/export/test_coverage_fix.py .                                      [ 34%]
tests/export/test_export.py ........                                     [ 34%]
tests/export/test_proto_utils.py ....                                    [ 35%]
tests/extensions/audio/test_stft.py .......                              [ 35%]
tests/extensions/custom/test_coverage_fix.py ....                        [ 35%]
tests/extensions/custom/test_decoding.py ....                            [ 36%]
tests/extensions/custom/test_decoding_cov.py ..                          [ 36%]
tests/extensions/custom/test_math_ops.py ........                        [ 37%]
tests/extensions/custom/test_math_ops_cov.py .                           [ 37%]
tests/extensions/custom/test_math_ops_cov2.py .                          [ 37%]
tests/extensions/custom/test_math_ops_cov_final.py .                     [ 37%]
tests/extensions/custom/test_math_ops_cov_final2.py .                    [ 37%]
tests/extensions/custom/test_ops.py ....                                 [ 37%]
tests/extensions/custom/test_vision_coverage.py ..                       [ 37%]
tests/extensions/custom/test_vision_ops.py ....                          [ 38%]
tests/extensions/custom/test_vision_ops_cov_final.py .                   [ 38%]
tests/extensions/custom/test_vision_ops_cov_final2.py .                  [ 38%]
tests/extensions/text/test_advanced_text.py .                            [ 38%]
tests/extensions/text/test_binary_format.py ..                           [ 38%]
tests/extensions/text/test_cli.py ..                                     [ 38%]
tests/extensions/text/test_cli_cov.py .                                  [ 38%]
tests/extensions/text/test_operators.py ...                              [ 38%]
tests/extensions/text/test_operators2.py ....                            [ 39%]
tests/extensions/text/test_pipeline.py .....                             [ 39%]
tests/extensions/text/test_sentencepiece.py .....                        [ 40%]
tests/extensions/text/test_spm.py ...                                    [ 40%]
tests/extensions/text/test_tokenizer.py ...........                      [ 41%]
tests/extensions/text/test_tokenizer_cov.py ..                           [ 41%]
tests/extensions/text/test_tokenizer_cov2.py .                           [ 41%]
tests/extensions/text/test_unigram.py .....                              [ 41%]
tests/extensions/text/test_unigram_cov.py .                              [ 41%]
tests/extensions/text/test_unigram_unreachable.py .                      [ 41%]
tests/extensions/vision/test_image.py ......                             [ 42%]
tests/extensions/vision/test_transforms.py .....                         [ 42%]
tests/frontends/frontend/test_ast.py ........                            [ 43%]
tests/frontends/frontend/test_ast_parser.py ......                       [ 43%]
tests/frontends/frontend/test_builder.py .....                           [ 44%]
tests/frontends/frontend/test_containers.py ....                         [ 44%]
tests/frontends/frontend/test_conv.py ..                                 [ 44%]
tests/frontends/frontend/test_dropout.py ..                              [ 44%]
tests/frontends/frontend/test_embedding.py .                             [ 44%]
tests/frontends/frontend/test_exporter.py .......                        [ 45%]
tests/frontends/frontend/test_flatten.py .                               [ 45%]
tests/frontends/frontend/test_functional_cov.py .                        [ 45%]
tests/frontends/frontend/test_identity.py .                              [ 45%]
tests/frontends/frontend/test_init_functional.py ..                      [ 45%]
tests/frontends/frontend/test_linear.py .                                [ 45%]
tests/frontends/frontend/test_models.py .....                            [ 46%]
tests/frontends/frontend/test_module.py ...........                      [ 47%]
tests/frontends/frontend/test_module_cov2.py .                           [ 47%]
tests/frontends/frontend/test_nn.py .................................... [ 50%]
.                                                                        [ 50%]
tests/frontends/frontend/test_normalization.py .                         [ 50%]
tests/frontends/frontend/test_pool.py ..                                 [ 50%]
tests/frontends/frontend/test_pyodide.py ..                              [ 50%]
tests/frontends/frontend/test_rnn.py ..                                  [ 50%]
tests/frontends/frontend/test_rnn_cov.py ...                             [ 50%]
tests/frontends/frontend/test_state_dict_parity.py ..                    [ 51%]
tests/frontends/frontend/test_tensor_constructors.py .                   [ 51%]
tests/frontends/frontend/test_tensor_numpy.py ..                         [ 51%]
tests/frontends/frontend/test_tensor_ops.py .                            [ 51%]
tests/frontends/frontend/test_torch_compat.py ...                        [ 51%]
tests/frontends/frontend/test_tracer.py ...                              [ 51%]
tests/frontends/frontend/test_tracer_dict.py ..                          [ 52%]
tests/frontends/frontend/test_tracing.py ....                            [ 52%]
tests/frontends/frontend/test_utils.py .........................         [ 54%]
tests/frontends/jax/test_importer_cov.py ...                             [ 54%]
tests/frontends/jax/test_jax_importer.py ...                             [ 54%]
tests/frontends/jit/test_compiler.py .............                       [ 55%]
tests/frontends/jit/test_jit_cov.py ..                                   [ 55%]
tests/frontends/jit/test_jit_cov_final.py .                              [ 55%]
tests/frontends/paddle/test_api.py ....                                  [ 56%]
tests/frontends/paddle/test_builder.py ..........                        [ 57%]
tests/frontends/paddle/test_control_flow_ops.py .                        [ 57%]
tests/frontends/paddle/test_integration.py .....                         [ 57%]
tests/frontends/paddle/test_math_ops.py ..........                       [ 58%]
tests/frontends/paddle/test_nn_ops.py ..........                         [ 59%]
tests/frontends/paddle/test_parsers.py ................                  [ 60%]
tests/frontends/paddle/test_parsers_cov_extras.py ..                     [ 60%]
tests/frontends/paddle/test_parsers_cov_extras2.py .                     [ 60%]
tests/frontends/paddle/test_parsers_cov_final.py ........                [ 61%]
tests/frontends/paddle/test_passes.py .                                  [ 61%]
tests/frontends/paddle/test_reduction_ops.py ....                        [ 61%]
tests/frontends/paddle/test_tensor_ops.py .......                        [ 62%]
tests/frontends/paddle/test_vision_ops.py .                              [ 62%]
tests/frontends/test_frontend_builder.py ..                              [ 62%]
tests/frontends/test_jit_compiler.py ....                                [ 62%]
tests/frontends/test_jit_hasher.py .                                     [ 62%]
tests/frontends/test_jit_init.py ...                                     [ 62%]
tests/frontends/test_jit_wrapper.py .                                    [ 63%]
tests/frontends/test_misc_coverage.py .                                  [ 63%]
tests/frontends/tf/test_api.py .....                                     [ 63%]
tests/frontends/tf/test_api_cov_final.py .                               [ 63%]
tests/frontends/tf/test_builder.py ..............                        [ 64%]
tests/frontends/tf/test_control_flow_ops.py ....                         [ 64%]
tests/frontends/tf/test_image_rng_ops.py ...                             [ 65%]
tests/frontends/tf/test_importer_cov_final.py ..                         [ 65%]
tests/frontends/tf/test_integration.py .....                             [ 65%]
tests/frontends/tf/test_keras_layers.py ..                               [ 65%]
tests/frontends/tf/test_math_ops.py .                                    [ 65%]
tests/frontends/tf/test_nn_ops.py ...............                        [ 67%]
tests/frontends/tf/test_parsers.py ...............                       [ 68%]
tests/frontends/tf/test_passes.py ..........                             [ 69%]
tests/frontends/tf/test_reduction_ops.py ...                             [ 69%]
tests/frontends/tf/test_tensor_ops.py ...........                        [ 70%]
tests/frontends/tf/test_tf_importer.py .                                 [ 70%]
tests/frontends/tf/test_tf_importer_cov.py .                             [ 70%]
tests/frontends/tf/test_tf_importer_cov_final2.py .                      [ 70%]
tests/frontends/tf/test_tflite_ops.py ......                             [ 70%]
tests/optimize/hardware/test_api.py .............                        [ 71%]
tests/optimize/hardware/test_layout.py ..................                [ 73%]
tests/optimize/hardware/test_layout_cov_final.py ...                     [ 73%]
tests/optimize/hardware/test_pipeline.py ....................            [ 75%]
tests/optimize/hardware/test_pipeline_cov_final.py .                     [ 75%]
tests/optimize/hardware/test_quantizer.py .............................. [ 77%]
........................                                                 [ 79%]
tests/optimize/simplifier/passes/test_base_cov_final.py .                [ 79%]
tests/optimize/simplifier/passes/test_passes.py .....                    [ 79%]
tests/optimize/simplifier/passes/test_stub_passes.py ..                  [ 79%]
tests/optimize/simplifier/test_simplifier.py ............                [ 80%]
tests/optimize/simplifier/test_simplifier_coverage.py .................. [ 82%]
........................................                                 [ 85%]
tests/script/test_builder.py ...........                                 [ 86%]
tests/script/test_builder_cov_final.py .                                 [ 86%]
tests/script/test_builder_coverage.py .......                            [ 86%]
tests/script/test_op.py ........                                         [ 87%]
tests/script/test_op_cov_final.py .                                      [ 87%]
tests/script/test_op_coverage.py ..                                      [ 87%]
tests/script/test_parser.py ..............                               [ 88%]
tests/script/test_parser_cov_final.py .                                  [ 88%]
tests/script/test_parser_coverage.py .....                               [ 89%]
tests/script/test_pyodide.py ...                                         [ 89%]
tests/script/test_schema_cov2.py .                                       [ 89%]
tests/script/test_schema_coverage.py ..                                  [ 89%]
tests/test_all_ops_mocked.py .                                           [ 89%]
tests/test_auto_coverage.py .                                            [ 89%]
tests/test_cache.py ...                                                  [ 90%]
tests/test_cli_main.py ..                                                [ 90%]
tests/test_final_coverage.py .....                                       [ 90%]
tests/test_inference_edge_cases.py .                                     [ 90%]
tests/test_inference_errors.py .                                         [ 90%]
tests/test_misc.py ...                                                   [ 91%]
tests/training/autograd/test_activation_vjp.py ...........               [ 91%]
tests/training/autograd/test_aot_builder.py ..                           [ 92%]
tests/training/autograd/test_autograd.py ...                             [ 92%]
tests/training/autograd/test_autograd_engine.py ..                       [ 92%]
tests/training/autograd/test_compiler_cov.py .                           [ 92%]
tests/training/autograd/test_compiler_cov_final.py .                     [ 92%]
tests/training/autograd/test_compiler_extras.py .....                    [ 93%]
tests/training/autograd/test_compiler_more.py .                          [ 93%]
tests/training/autograd/test_elementwise_vjp.py .......................  [ 94%]
tests/training/autograd/test_losses.py .                                 [ 94%]
tests/training/autograd/test_losses_vjp.py .............                 [ 95%]
tests/training/autograd/test_memory.py .                                 [ 96%]
tests/training/autograd/test_nn_vjp.py .......                           [ 96%]
tests/training/autograd/test_optimizers.py .                             [ 96%]
tests/training/autograd/test_optimizers_cov.py .                         [ 96%]
tests/training/autograd/test_optimizers_vjp.py ......                    [ 97%]
tests/training/autograd/test_reduction_vjp.py ..........                 [ 97%]
tests/training/autograd/test_rules_cov.py ...                            [ 98%]
tests/training/autograd/test_shape_inference.py .                        [ 98%]
tests/training/autograd/test_tensor_vjp.py ....................          [ 99%]
tests/training/autograd/test_vjp_base.py .                               [ 99%]
tests/training/autograd/test_vjp_cov.py .                                [100%]

=============================== warnings summary ===============================
tests/core/parser/test_inference_fuzz.py: 54 warnings
  /Users/samuel/repos/ml-switcheroo/onnx9000/src/onnx9000/core/parser/inference.py:1580: DeprecationWarning: Conversion of an array with ndim > 0 to a scalar is deprecated, and will error in future. Ensure you extract a single element from your array before performing this operation. (Deprecated NumPy 1.25.)
    out_shape = (int(val),)

tests/script/test_parser_coverage.py::test_func_coverage
  /Library/Frameworks/Python.framework/Versions/3.9/lib/python3.9/site-packages/_pytest/python.py:161: PytestReturnNotNoneWarning: Test functions should return None, but tests/script/test_parser_coverage.py::test_func_coverage returned <class 'onnx9000.core.ir.Graph'>.
  Did you mean to use `assert` instead of `return`?
  See https://docs.pytest.org/en/stable/how-to/assert.html#return-not-none for more information.
    warnings.warn(

-- Docs: https://docs.pytest.org/en/stable/how-to/capture-warnings.html
================================ tests coverage ================================
_______________ coverage: platform darwin, python 3.9.13-final-0 _______________

Name                                                          Stmts   Miss  Cover   Missing
-------------------------------------------------------------------------------------------
src/onnx9000/__init__.py                                         12      0   100%
src/onnx9000/backends/apple/__init__.py                           3      0   100%
src/onnx9000/backends/apple/bindings.py                          66      0   100%
src/onnx9000/backends/apple/executor.py                          92      0   100%
src/onnx9000/backends/codegen/__init__.py                        11      0   100%
src/onnx9000/backends/codegen/generator.py                      153      0   100%
src/onnx9000/backends/codegen/op_generator.py                     9      0   100%
src/onnx9000/backends/codegen/ops/autograd_ops.py                38      0   100%
src/onnx9000/backends/codegen/ops/control_flow.py                34      0   100%
src/onnx9000/backends/codegen/ops/elementwise.py                124      0   100%
src/onnx9000/backends/codegen/ops/math.py                       350      0   100%
src/onnx9000/backends/codegen/ops/matmul.py                      41      0   100%
src/onnx9000/backends/codegen/ops/nn.py                         336      0   100%
src/onnx9000/backends/codegen/ops/sequence.py                    91      0   100%
src/onnx9000/backends/codegen/ops/shape.py                       55      0   100%
src/onnx9000/backends/codegen/ops/tensor_ops.py                 763      0   100%
src/onnx9000/backends/codegen/utils.py                           11      0   100%
src/onnx9000/backends/cpu/__init__.py                             4      0   100%
src/onnx9000/backends/cpu/executor.py                           107      0   100%
src/onnx9000/backends/cpu/memory.py                              42      0   100%
src/onnx9000/backends/cpu/ops.py                                160      0   100%
src/onnx9000/backends/cuda/__init__.py                            3      0   100%
src/onnx9000/backends/cuda/bindings.py                           80      0   100%
src/onnx9000/backends/cuda/compiler.py                           35      0   100%
src/onnx9000/backends/cuda/executor.py                          138      0   100%
src/onnx9000/backends/cuda/memory.py                             95      0   100%
src/onnx9000/backends/rocm/__init__.py                            3      0   100%
src/onnx9000/backends/rocm/bindings.py                           75      0   100%
src/onnx9000/backends/rocm/compiler.py                           31      0   100%
src/onnx9000/backends/rocm/executor.py                           92      0   100%
src/onnx9000/backends/runtime/__init__.py                         2      0   100%
src/onnx9000/backends/runtime/integration/__init__.py            28      0   100%
src/onnx9000/backends/runtime/quantization/__init__.py           19      0   100%
src/onnx9000/backends/runtime/session.py                         91      0   100%
src/onnx9000/backends/runtime/training/__init__.py               24      0   100%
src/onnx9000/backends/web/__init__.py                             0      0   100%
src/onnx9000/backends/web/api.py                                 40      0   100%
src/onnx9000/backends/web/loader.py                             237      0   100%
src/onnx9000/backends/web/orchestrator.py                       156      0   100%
src/onnx9000/backends/web/rpc.py                                 50      0   100%
src/onnx9000/backends/web/shaders_activations.py                 25      0   100%
src/onnx9000/backends/web/shaders_math.py                        17      0   100%
src/onnx9000/backends/web/shaders_nn.py                          19      0   100%
src/onnx9000/backends/web/shaders_tensor.py                      16      0   100%
src/onnx9000/backends/web/wasm.py                                37      0   100%
src/onnx9000/backends/web/webgpu.py                             137      0   100%
src/onnx9000/backends/web/worker.py                             133      0   100%
src/onnx9000/cli/main.py                                         20      0   100%
src/onnx9000/core/config.py                                       9      0   100%
src/onnx9000/core/dtypes.py                                      28      0   100%
src/onnx9000/core/exceptions.py                                  11      0   100%
src/onnx9000/core/ir.py                                          57      0   100%
src/onnx9000/core/logger.py                                      13      0   100%
src/onnx9000/core/ops/__init__.py                               489      0   100%
src/onnx9000/core/parser/__init__.py                              4      0   100%
src/onnx9000/core/parser/core.py                                 92      0   100%
src/onnx9000/core/parser/inference.py                          1726      0   100%
src/onnx9000/core/parser/memory.py                               43      0   100%
src/onnx9000/core/parser/passes.py                                8      0   100%
src/onnx9000/core/registry.py                                    25      0   100%
src/onnx9000/export/__init__.py                                   5      0   100%
src/onnx9000/export/builder.py                                   72      0   100%
src/onnx9000/export/bundle.py                                     8      0   100%
src/onnx9000/export/chunking.py                                  24      0   100%
src/onnx9000/export/proto_utils.py                               64      0   100%
src/onnx9000/extensions/audio/__init__.py                         0      0   100%
src/onnx9000/extensions/audio/stft.py                           116      0   100%
src/onnx9000/extensions/custom/__init__.py                        0      0   100%
src/onnx9000/extensions/custom/decoding.py                       77      0   100%
src/onnx9000/extensions/custom/math_ops.py                      135      0   100%
src/onnx9000/extensions/custom/ops.py                            48      0   100%
src/onnx9000/extensions/custom/vision_ops.py                    152      0   100%
src/onnx9000/extensions/text/__init__.py                          0      0   100%
src/onnx9000/extensions/text/cli.py                              14      0   100%
src/onnx9000/extensions/text/exporter.py                         32      0   100%
src/onnx9000/extensions/text/loader.py                           33      0   100%
src/onnx9000/extensions/text/operators.py                        78      0   100%
src/onnx9000/extensions/text/pipeline.py                         51      0   100%
src/onnx9000/extensions/text/sentencepiece.py                    63      0   100%
src/onnx9000/extensions/text/spm.py                              61      0   100%
src/onnx9000/extensions/text/tokenizer.py                       231      0   100%
src/onnx9000/extensions/text/unigram.py                          90      0   100%
src/onnx9000/extensions/vision/__init__.py                        0      0   100%
src/onnx9000/extensions/vision/image.py                          64      0   100%
src/onnx9000/extensions/vision/transforms.py                     69      0   100%
src/onnx9000/frontends/frontend/__init__.py                       2      0   100%
src/onnx9000/frontends/frontend/ast_parser.py                    65      0   100%
src/onnx9000/frontends/frontend/builder.py                       26      0   100%
src/onnx9000/frontends/frontend/exporter.py                      53      0   100%
src/onnx9000/frontends/frontend/jit.py                           21      0   100%
src/onnx9000/frontends/frontend/models.py                       108      0   100%
src/onnx9000/frontends/frontend/nn/__init__.py                   26      0   100%
src/onnx9000/frontends/frontend/nn/containers.py                 83      0   100%
src/onnx9000/frontends/frontend/nn/conv.py                      116      0   100%
src/onnx9000/frontends/frontend/nn/dropout.py                    20      0   100%
src/onnx9000/frontends/frontend/nn/embedding.py                  14      0   100%
src/onnx9000/frontends/frontend/nn/flatten.py                    18      0   100%
src/onnx9000/frontends/frontend/nn/functional.py                 73      0   100%
src/onnx9000/frontends/frontend/nn/identity.py                    9      0   100%
src/onnx9000/frontends/frontend/nn/init.py                       59      0   100%
src/onnx9000/frontends/frontend/nn/linear.py                     19      0   100%
src/onnx9000/frontends/frontend/nn/module.py                    173      0   100%
src/onnx9000/frontends/frontend/nn/normalization.py             116      0   100%
src/onnx9000/frontends/frontend/nn/pool.py                       71      0   100%
src/onnx9000/frontends/frontend/nn/rnn.py                        68      0   100%
src/onnx9000/frontends/frontend/tensor.py                       223      0   100%
src/onnx9000/frontends/frontend/tracer.py                        57      0   100%
src/onnx9000/frontends/frontend/utils.py                         99      0   100%
src/onnx9000/frontends/jax/__init__.py                            2      0   100%
src/onnx9000/frontends/jax/importer.py                           73      0   100%
src/onnx9000/frontends/jit/__init__.py                           32      0   100%
src/onnx9000/frontends/jit/compiler.py                          117      0   100%
src/onnx9000/frontends/jit/hasher.py                             18      0   100%
src/onnx9000/frontends/jit/wrapper.py                            21      0   100%
src/onnx9000/frontends/paddle/__init__.py                         0      0   100%
src/onnx9000/frontends/paddle/api.py                             42      0   100%
src/onnx9000/frontends/paddle/builder.py                         65      0   100%
src/onnx9000/frontends/paddle/control_flow_ops.py                18      0   100%
src/onnx9000/frontends/paddle/math_ops.py                        82      0   100%
src/onnx9000/frontends/paddle/nn_ops.py                         199      0   100%
src/onnx9000/frontends/paddle/parsers.py                        311      0   100%
src/onnx9000/frontends/paddle/passes.py                          53      0   100%
src/onnx9000/frontends/paddle/reduction_ops.py                   73      0   100%
src/onnx9000/frontends/paddle/tensor_ops.py                     222      0   100%
src/onnx9000/frontends/paddle/vision_ops.py                      91      0   100%
src/onnx9000/frontends/tf/__init__.py                             2      0   100%
src/onnx9000/frontends/tf/api.py                                 59      0   100%
src/onnx9000/frontends/tf/builder.py                             62      0   100%
src/onnx9000/frontends/tf/control_flow_ops.py                    33      0   100%
src/onnx9000/frontends/tf/image_rng_ops.py                       26      0   100%
src/onnx9000/frontends/tf/importer.py                            84      0   100%
src/onnx9000/frontends/tf/keras_layers.py                       106      0   100%
src/onnx9000/frontends/tf/math_ops.py                            41      0   100%
src/onnx9000/frontends/tf/nn_ops.py                              98      0   100%
src/onnx9000/frontends/tf/parsers.py                            164      0   100%
src/onnx9000/frontends/tf/passes.py                             106      0   100%
src/onnx9000/frontends/tf/reduction_ops.py                       24      0   100%
src/onnx9000/frontends/tf/tensor_ops.py                         114      0   100%
src/onnx9000/frontends/tf/tflite_ops.py                          61      0   100%
src/onnx9000/frontends/torch_like.py                             37      0   100%
src/onnx9000/optimize/__init__.py                                 2      0   100%
src/onnx9000/optimize/hardware/__init__.py                        5      0   100%
src/onnx9000/optimize/hardware/api.py                            84      0   100%
src/onnx9000/optimize/hardware/layout.py                        269      0   100%
src/onnx9000/optimize/hardware/pipeline.py                      219      0   100%
src/onnx9000/optimize/hardware/quantizer.py                     349      0   100%
src/onnx9000/optimize/simplifier/__init__.py                      2      0   100%
src/onnx9000/optimize/simplifier/api.py                          30      0   100%
src/onnx9000/optimize/simplifier/passes/__init__.py              15      0   100%
src/onnx9000/optimize/simplifier/passes/base.py                   6      0   100%
src/onnx9000/optimize/simplifier/passes/broadcast.py              2      0   100%
src/onnx9000/optimize/simplifier/passes/constant_folding.py     160      0   100%
src/onnx9000/optimize/simplifier/passes/dce.py                  111      0   100%
src/onnx9000/optimize/simplifier/passes/debug.py                  2      0   100%
src/onnx9000/optimize/simplifier/passes/flattening.py             2      0   100%
src/onnx9000/optimize/simplifier/passes/fusion.py               194      0   100%
src/onnx9000/optimize/simplifier/passes/layout.py                 4      0   100%
src/onnx9000/optimize/simplifier/passes/memory_planning.py        4      0   100%
src/onnx9000/optimize/simplifier/passes/partitioning.py           2      0   100%
src/onnx9000/optimize/simplifier/passes/quantization.py           4      0   100%
src/onnx9000/optimize/simplifier/passes/shapes.py                61      0   100%
src/onnx9000/optimize/simplifier/passes/validation.py            50      0   100%
src/onnx9000/optimize/simplifier/passes/versioning.py             4      0   100%
src/onnx9000/optimize/simplifier/passes/webgpu.py                 4      0   100%
src/onnx9000/script/__init__.py                                   5      0   100%
src/onnx9000/script/builder.py                                  344      0   100%
src/onnx9000/script/control_flow.py                              38      0   100%
src/onnx9000/script/js_wrapper.py                                15      0   100%
src/onnx9000/script/op.py                                       118      0   100%
src/onnx9000/script/parser.py                                   265      0   100%
src/onnx9000/script/schema.py                                    54      0   100%
src/onnx9000/script/var.py                                       60      0   100%
src/onnx9000/training/autograd/__init__.py                        4      0   100%
src/onnx9000/training/autograd/compiler.py                      115      0   100%
src/onnx9000/training/autograd/losses.py                         36      0   100%
src/onnx9000/training/autograd/memory.py                          5      0   100%
src/onnx9000/training/autograd/optimizers.py                     54      0   100%
src/onnx9000/training/autograd/rules.py                         710      0   100%
src/onnx9000/training/autograd/shape_inference.py                12      0   100%
src/onnx9000/training/autograd/utils.py                           3      0   100%
src/onnx9000/training/autograd/vjp.py                             6      0   100%
src/onnx9000/utils/cache.py                                      13      0   100%
src/onnx9000/utils/logger.py                                     11      0   100%
src/onnx9000/utils/visualize.py                                  11      0   100%
-------------------------------------------------------------------------------------------
TOTAL                                                         15516      0   100%
================ 1288 passed, 55 warnings in 219.66s (0:03:39) =================
